[2025-06-17T09:31:24.413817+02:00] installer.INFO: Matched route "{route}". {"route":"installer_home","route_parameters":{"_controller":"OrangeHRM\\Installer\\Controller\\HomeController::handle","_route":"installer_home"},"request_uri":"http://localhost/orangehrm-5.7/installer/index.php/","method":"GET"} []
[2025-06-17T09:31:24.514678+02:00] installer.INFO: Matched route "{route}". {"route":"installer_welcome","route_parameters":{"_controller":"OrangeHRM\\Installer\\Controller\\WelcomeController::handle","_route":"installer_welcome"},"request_uri":"http://localhost/orangehrm-5.7/installer/index.php/welcome","method":"GET"} []
[2025-06-17T09:31:28.172575+02:00] installer.INFO: Matched route "{route}". {"route":"installer_licence_acceptance","route_parameters":{"_controller":"OrangeHRM\\Installer\\Controller\\Installer\\LicenceAcceptanceController::handle","_route":"installer_licence_acceptance"},"request_uri":"http://localhost/orangehrm-5.7/installer/index.php/installer/licence-acceptance","method":"GET"} []
[2025-06-17T09:31:35.515840+02:00] installer.INFO: Matched route "{route}". {"route":"installer_database_config","route_parameters":{"_controller":"OrangeHRM\\Installer\\Controller\\Installer\\DatabaseConfigController::handle","_route":"installer_database_config"},"request_uri":"http://localhost/orangehrm-5.7/installer/index.php/installer/database-config","method":"GET"} []
[2025-06-17T09:31:35.731691+02:00] installer.INFO: Matched route "{route}". {"route":"api_installer_database_config","route_parameters":{"_controller":"OrangeHRM\\Installer\\Controller\\Installer\\Api\\DatabaseConfigAPI::handle","_route":"api_installer_database_config"},"request_uri":"http://localhost/orangehrm-5.7/installer/index.php/installer/api/database-config","method":"GET"} []
[2025-06-17T09:32:40.689643+02:00] installer.INFO: Matched route "{route}". {"route":"api_installer_database_config","route_parameters":{"_controller":"OrangeHRM\\Installer\\Controller\\Installer\\Api\\DatabaseConfigAPI::handle","_route":"api_installer_database_config"},"request_uri":"http://localhost/orangehrm-5.7/installer/index.php/installer/api/database-config","method":"POST"} []
[2025-06-17T09:32:40.871961+02:00] installer.INFO: Matched route "{route}". {"route":"installer_system_check","route_parameters":{"_controller":"OrangeHRM\\Installer\\Controller\\Installer\\SystemCheckController::handle","_route":"installer_system_check"},"request_uri":"http://localhost/orangehrm-5.7/installer/index.php/installer/system-check","method":"GET"} []
[2025-06-17T09:32:41.105201+02:00] installer.INFO: Matched route "{route}". {"route":"api_installer_system_check","route_parameters":{"_controller":"OrangeHRM\\Installer\\Controller\\Installer\\Api\\SystemCheckAPI::handle","_route":"api_installer_system_check"},"request_uri":"http://localhost/orangehrm-5.7/installer/index.php/installer/api/system-check","method":"GET"} []
[2025-06-17T09:32:44.105776+02:00] installer.INFO: Matched route "{route}". {"route":"installer_instance_creation","route_parameters":{"_controller":"OrangeHRM\\Installer\\Controller\\Installer\\InstanceCreationController::handle","_route":"installer_instance_creation"},"request_uri":"http://localhost/orangehrm-5.7/installer/index.php/installer/instance-creation","method":"GET"} []
[2025-06-17T09:32:44.332702+02:00] installer.INFO: Matched route "{route}". {"route":"api_installer_countries","route_parameters":{"_controller":"OrangeHRM\\Installer\\Controller\\Installer\\Api\\CountryAPI::handle","_route":"api_installer_countries"},"request_uri":"http://localhost/orangehrm-5.7/installer/index.php/installer/api/countries","method":"GET"} []
[2025-06-17T09:32:44.437434+02:00] installer.INFO: Matched route "{route}". {"route":"api_installer_languages","route_parameters":{"_controller":"OrangeHRM\\Installer\\Controller\\Installer\\Api\\LanguageAPI::handle","_route":"api_installer_languages"},"request_uri":"http://localhost/orangehrm-5.7/installer/index.php/installer/api/languages","method":"GET"} []
[2025-06-17T09:32:44.546983+02:00] installer.INFO: Matched route "{route}". {"route":"api_installer_timezones","route_parameters":{"_controller":"OrangeHRM\\Installer\\Controller\\Installer\\Api\\TimezoneAPI::handle","_route":"api_installer_timezones"},"request_uri":"http://localhost/orangehrm-5.7/installer/index.php/installer/api/timezones","method":"GET"} []
[2025-06-17T09:32:44.651677+02:00] installer.INFO: Matched route "{route}". {"route":"api_installer_instance","route_parameters":{"_controller":"OrangeHRM\\Installer\\Controller\\Installer\\Api\\InstanceAPI::handle","_route":"api_installer_instance"},"request_uri":"http://localhost/orangehrm-5.7/installer/index.php/installer/api/instance","method":"GET"} []
[2025-06-17T09:33:57.074693+02:00] installer.INFO: Matched route "{route}". {"route":"api_installer_instance","route_parameters":{"_controller":"OrangeHRM\\Installer\\Controller\\Installer\\Api\\InstanceAPI::handle","_route":"api_installer_instance"},"request_uri":"http://localhost/orangehrm-5.7/installer/index.php/installer/api/instance","method":"POST"} []
[2025-06-17T09:33:57.319312+02:00] installer.INFO: Matched route "{route}". {"route":"installer_admin_user_creation","route_parameters":{"_controller":"OrangeHRM\\Installer\\Controller\\Installer\\AdminUserCreationController::handle","_route":"installer_admin_user_creation"},"request_uri":"http://localhost/orangehrm-5.7/installer/index.php/installer/admin-user-creation","method":"GET"} []
[2025-06-17T09:33:57.551127+02:00] installer.INFO: Matched route "{route}". {"route":"api_installer_admin_user","route_parameters":{"_controller":"OrangeHRM\\Installer\\Controller\\Installer\\Api\\AdminUserAPI::handle","_route":"api_installer_admin_user"},"request_uri":"http://localhost/orangehrm-5.7/installer/index.php/installer/api/admin-user","method":"GET"} []
[2025-06-17T09:34:39.722700+02:00] installer.INFO: Matched route "{route}". {"route":"api_installer_admin_user","route_parameters":{"_controller":"OrangeHRM\\Installer\\Controller\\Installer\\Api\\AdminUserAPI::handle","_route":"api_installer_admin_user"},"request_uri":"http://localhost/orangehrm-5.7/installer/index.php/installer/api/admin-user","method":"POST"} []
[2025-06-17T09:34:39.884500+02:00] installer.INFO: Matched route "{route}". {"route":"installer_confirmation","route_parameters":{"_controller":"OrangeHRM\\Installer\\Controller\\Installer\\ConfirmationController::handle","_route":"installer_confirmation"},"request_uri":"http://localhost/orangehrm-5.7/installer/index.php/installer/confirmation","method":"GET"} []
[2025-06-17T09:34:40.114880+02:00] installer.INFO: Matched route "{route}". {"route":"api_installer_database_config","route_parameters":{"_controller":"OrangeHRM\\Installer\\Controller\\Installer\\Api\\DatabaseConfigAPI::handle","_route":"api_installer_database_config"},"request_uri":"http://localhost/orangehrm-5.7/installer/index.php/installer/api/database-config","method":"GET"} []
[2025-06-17T09:34:40.238146+02:00] installer.INFO: Matched route "{route}". {"route":"api_installer_admin_user","route_parameters":{"_controller":"OrangeHRM\\Installer\\Controller\\Installer\\Api\\AdminUserAPI::handle","_route":"api_installer_admin_user"},"request_uri":"http://localhost/orangehrm-5.7/installer/index.php/installer/api/admin-user","method":"GET"} []
[2025-06-17T09:34:49.419346+02:00] installer.INFO: Matched route "{route}". {"route":"installer_process","route_parameters":{"_controller":"OrangeHRM\\Installer\\Controller\\Installer\\InstallerController::handle","_route":"installer_process"},"request_uri":"http://localhost/orangehrm-5.7/installer/index.php/installer/process","method":"GET"} []
[2025-06-17T09:34:49.654919+02:00] installer.INFO: Matched route "{route}". {"route":"api_installer_start_registration","route_parameters":{"_controller":"OrangeHRM\\Installer\\Controller\\Installer\\Api\\InstallerDataRegistrationAPI::handle","_route":"api_installer_start_registration"},"request_uri":"http://localhost/orangehrm-5.7/installer/index.php/installer/api/send-data/installer-start","method":"POST"} []
[2025-06-17T09:34:51.057934+02:00] installer.INFO: Matched route "{route}". {"route":"api_installer_database","route_parameters":{"_controller":"OrangeHRM\\Installer\\Controller\\Installer\\Api\\InstallationDatabaseAPI::handle","_route":"api_installer_database"},"request_uri":"http://localhost/orangehrm-5.7/installer/index.php/installer/api/installation/database","method":"POST"} []
[2025-06-17T09:34:51.278447+02:00] installer.INFO: Matched route "{route}". {"route":"api_installer_pre_migration_check","route_parameters":{"_controller":"OrangeHRM\\Installer\\Controller\\Installer\\Api\\PreMigrationCheck::handle","_route":"api_installer_pre_migration_check"},"request_uri":"http://localhost/orangehrm-5.7/installer/index.php/installer/api/installation/pre-migration","method":"POST"} []
[2025-06-17T09:34:51.331999+02:00] installer.INFO: Instance details: {"os":{"os":"Windows NT","release_name":"10.0","version_info":"build 22631 (Windows 11)"},"php":{"version":"8.2.12"},"mysql":{"client_version":"mysqlnd 8.2.12","server_version":"10.4.32-MariaDB","conn_type":"localhost via TCP\/IP"},"server":"Apache\/2.4.58 (Win64) OpenSSL\/3.1.3 PHP\/8.2.12","ohrm":{"version":"5.7"}} [] []
[2025-06-17T09:34:51.914922+02:00] installer.INFO: Matched route "{route}". {"route":"api_installer_versions","route_parameters":{"_controller":"OrangeHRM\\Installer\\Controller\\Installer\\Api\\VersionAPI::handle","_route":"api_installer_versions"},"request_uri":"http://localhost/orangehrm-5.7/installer/index.php/installer/api/versions?excludeLatest=false","method":"GET"} []
[2025-06-17T09:34:52.025461+02:00] installer.INFO: Matched route "{route}". {"route":"api_installer_migration","route_parameters":{"_controller":"OrangeHRM\\Installer\\Controller\\Installer\\Api\\MigrationAPI::handle","_route":"api_installer_migration"},"request_uri":"http://localhost/orangehrm-5.7/installer/index.php/installer/api/installation/migration","method":"POST"} []
[2025-06-17T09:34:52.033179+02:00] installer.INFO: {"version":"3.3.3"} [] []
[2025-06-17T09:34:52.087163+02:00] installer.INFO: Instance details: {"os":{"os":"Windows NT","release_name":"10.0","version_info":"build 22631 (Windows 11)"},"php":{"version":"8.2.12"},"mysql":{"client_version":"mysqlnd 8.2.12","server_version":"10.4.32-MariaDB","conn_type":"localhost via TCP\/IP"},"server":"Apache\/2.4.58 (Win64) OpenSSL\/3.1.3 PHP\/8.2.12","ohrm":{"version":"5.7"}} [] []
[2025-06-17T09:34:52.128214+02:00] installer.INFO: set_time_limit: success [] []
[2025-06-17T09:35:03.801432+02:00] installer.INFO: Matched route "{route}". {"route":"api_installer_migration","route_parameters":{"_controller":"OrangeHRM\\Installer\\Controller\\Installer\\Api\\MigrationAPI::handle","_route":"api_installer_migration"},"request_uri":"http://localhost/orangehrm-5.7/installer/index.php/installer/api/installation/migration","method":"POST"} []
[2025-06-17T09:35:03.812731+02:00] installer.INFO: {"version":"4.0"} [] []
[2025-06-17T09:35:03.856413+02:00] installer.INFO: Instance details: {"os":{"os":"Windows NT","release_name":"10.0","version_info":"build 22631 (Windows 11)"},"php":{"version":"8.2.12"},"mysql":{"client_version":"mysqlnd 8.2.12","server_version":"10.4.32-MariaDB","conn_type":"localhost via TCP\/IP"},"server":"Apache\/2.4.58 (Win64) OpenSSL\/3.1.3 PHP\/8.2.12","ohrm":{"version":"5.7"}} [] []
[2025-06-17T09:35:03.879365+02:00] installer.INFO: set_time_limit: success [] []
[2025-06-17T09:35:04.195620+02:00] installer.INFO: Matched route "{route}". {"route":"api_installer_migration","route_parameters":{"_controller":"OrangeHRM\\Installer\\Controller\\Installer\\Api\\MigrationAPI::handle","_route":"api_installer_migration"},"request_uri":"http://localhost/orangehrm-5.7/installer/index.php/installer/api/installation/migration","method":"POST"} []
[2025-06-17T09:35:04.206139+02:00] installer.INFO: {"version":"4.1"} [] []
[2025-06-17T09:35:04.260013+02:00] installer.INFO: Instance details: {"os":{"os":"Windows NT","release_name":"10.0","version_info":"build 22631 (Windows 11)"},"php":{"version":"8.2.12"},"mysql":{"client_version":"mysqlnd 8.2.12","server_version":"10.4.32-MariaDB","conn_type":"localhost via TCP\/IP"},"server":"Apache\/2.4.58 (Win64) OpenSSL\/3.1.3 PHP\/8.2.12","ohrm":{"version":"5.7"}} [] []
[2025-06-17T09:35:04.307134+02:00] installer.INFO: set_time_limit: success [] []
[2025-06-17T09:35:04.994542+02:00] installer.INFO: Matched route "{route}". {"route":"api_installer_migration","route_parameters":{"_controller":"OrangeHRM\\Installer\\Controller\\Installer\\Api\\MigrationAPI::handle","_route":"api_installer_migration"},"request_uri":"http://localhost/orangehrm-5.7/installer/index.php/installer/api/installation/migration","method":"POST"} []
[2025-06-17T09:35:05.002544+02:00] installer.INFO: {"version":"4.1.1"} [] []
[2025-06-17T09:35:05.037817+02:00] installer.INFO: Instance details: {"os":{"os":"Windows NT","release_name":"10.0","version_info":"build 22631 (Windows 11)"},"php":{"version":"8.2.12"},"mysql":{"client_version":"mysqlnd 8.2.12","server_version":"10.4.32-MariaDB","conn_type":"localhost via TCP\/IP"},"server":"Apache\/2.4.58 (Win64) OpenSSL\/3.1.3 PHP\/8.2.12","ohrm":{"version":"5.7"}} [] []
[2025-06-17T09:35:05.048733+02:00] installer.INFO: set_time_limit: success [] []
[2025-06-17T09:35:05.533755+02:00] installer.INFO: Matched route "{route}". {"route":"api_installer_migration","route_parameters":{"_controller":"OrangeHRM\\Installer\\Controller\\Installer\\Api\\MigrationAPI::handle","_route":"api_installer_migration"},"request_uri":"http://localhost/orangehrm-5.7/installer/index.php/installer/api/installation/migration","method":"POST"} []
[2025-06-17T09:35:05.542461+02:00] installer.INFO: {"version":"4.1.2"} [] []
[2025-06-17T09:35:05.595240+02:00] installer.INFO: Instance details: {"os":{"os":"Windows NT","release_name":"10.0","version_info":"build 22631 (Windows 11)"},"php":{"version":"8.2.12"},"mysql":{"client_version":"mysqlnd 8.2.12","server_version":"10.4.32-MariaDB","conn_type":"localhost via TCP\/IP"},"server":"Apache\/2.4.58 (Win64) OpenSSL\/3.1.3 PHP\/8.2.12","ohrm":{"version":"5.7"}} [] []
[2025-06-17T09:35:05.632147+02:00] installer.INFO: set_time_limit: success [] []
[2025-06-17T09:35:05.845480+02:00] installer.INFO: Matched route "{route}". {"route":"api_installer_migration","route_parameters":{"_controller":"OrangeHRM\\Installer\\Controller\\Installer\\Api\\MigrationAPI::handle","_route":"api_installer_migration"},"request_uri":"http://localhost/orangehrm-5.7/installer/index.php/installer/api/installation/migration","method":"POST"} []
[2025-06-17T09:35:05.856638+02:00] installer.INFO: {"version":"4.1.2.1"} [] []
[2025-06-17T09:35:05.886645+02:00] installer.INFO: Instance details: {"os":{"os":"Windows NT","release_name":"10.0","version_info":"build 22631 (Windows 11)"},"php":{"version":"8.2.12"},"mysql":{"client_version":"mysqlnd 8.2.12","server_version":"10.4.32-MariaDB","conn_type":"localhost via TCP\/IP"},"server":"Apache\/2.4.58 (Win64) OpenSSL\/3.1.3 PHP\/8.2.12","ohrm":{"version":"5.7"}} [] []
[2025-06-17T09:35:05.897808+02:00] installer.INFO: set_time_limit: success [] []
[2025-06-17T09:35:06.046305+02:00] installer.INFO: Matched route "{route}". {"route":"api_installer_migration","route_parameters":{"_controller":"OrangeHRM\\Installer\\Controller\\Installer\\Api\\MigrationAPI::handle","_route":"api_installer_migration"},"request_uri":"http://localhost/orangehrm-5.7/installer/index.php/installer/api/installation/migration","method":"POST"} []
[2025-06-17T09:35:06.054528+02:00] installer.INFO: {"version":"4.2"} [] []
[2025-06-17T09:35:06.083341+02:00] installer.INFO: Instance details: {"os":{"os":"Windows NT","release_name":"10.0","version_info":"build 22631 (Windows 11)"},"php":{"version":"8.2.12"},"mysql":{"client_version":"mysqlnd 8.2.12","server_version":"10.4.32-MariaDB","conn_type":"localhost via TCP\/IP"},"server":"Apache\/2.4.58 (Win64) OpenSSL\/3.1.3 PHP\/8.2.12","ohrm":{"version":"5.7"}} [] []
[2025-06-17T09:35:06.119146+02:00] installer.INFO: set_time_limit: success [] []
[2025-06-17T09:35:06.476090+02:00] installer.INFO: Matched route "{route}". {"route":"api_installer_migration","route_parameters":{"_controller":"OrangeHRM\\Installer\\Controller\\Installer\\Api\\MigrationAPI::handle","_route":"api_installer_migration"},"request_uri":"http://localhost/orangehrm-5.7/installer/index.php/installer/api/installation/migration","method":"POST"} []
[2025-06-17T09:35:06.483646+02:00] installer.INFO: {"version":"4.2.0.1"} [] []
[2025-06-17T09:35:06.536990+02:00] installer.INFO: Instance details: {"os":{"os":"Windows NT","release_name":"10.0","version_info":"build 22631 (Windows 11)"},"php":{"version":"8.2.12"},"mysql":{"client_version":"mysqlnd 8.2.12","server_version":"10.4.32-MariaDB","conn_type":"localhost via TCP\/IP"},"server":"Apache\/2.4.58 (Win64) OpenSSL\/3.1.3 PHP\/8.2.12","ohrm":{"version":"5.7"}} [] []
[2025-06-17T09:35:06.573823+02:00] installer.INFO: set_time_limit: success [] []
[2025-06-17T09:35:06.793722+02:00] installer.INFO: Matched route "{route}". {"route":"api_installer_migration","route_parameters":{"_controller":"OrangeHRM\\Installer\\Controller\\Installer\\Api\\MigrationAPI::handle","_route":"api_installer_migration"},"request_uri":"http://localhost/orangehrm-5.7/installer/index.php/installer/api/installation/migration","method":"POST"} []
[2025-06-17T09:35:06.801691+02:00] installer.INFO: {"version":"4.3"} [] []
[2025-06-17T09:35:06.850561+02:00] installer.INFO: Instance details: {"os":{"os":"Windows NT","release_name":"10.0","version_info":"build 22631 (Windows 11)"},"php":{"version":"8.2.12"},"mysql":{"client_version":"mysqlnd 8.2.12","server_version":"10.4.32-MariaDB","conn_type":"localhost via TCP\/IP"},"server":"Apache\/2.4.58 (Win64) OpenSSL\/3.1.3 PHP\/8.2.12","ohrm":{"version":"5.7"}} [] []
[2025-06-17T09:35:06.864183+02:00] installer.INFO: set_time_limit: success [] []
[2025-06-17T09:35:07.181615+02:00] installer.INFO: Matched route "{route}". {"route":"api_installer_migration","route_parameters":{"_controller":"OrangeHRM\\Installer\\Controller\\Installer\\Api\\MigrationAPI::handle","_route":"api_installer_migration"},"request_uri":"http://localhost/orangehrm-5.7/installer/index.php/installer/api/installation/migration","method":"POST"} []
[2025-06-17T09:35:07.189947+02:00] installer.INFO: {"version":"4.3.1"} [] []
[2025-06-17T09:35:07.229234+02:00] installer.INFO: Instance details: {"os":{"os":"Windows NT","release_name":"10.0","version_info":"build 22631 (Windows 11)"},"php":{"version":"8.2.12"},"mysql":{"client_version":"mysqlnd 8.2.12","server_version":"10.4.32-MariaDB","conn_type":"localhost via TCP\/IP"},"server":"Apache\/2.4.58 (Win64) OpenSSL\/3.1.3 PHP\/8.2.12","ohrm":{"version":"5.7"}} [] []
[2025-06-17T09:35:07.275251+02:00] installer.INFO: set_time_limit: success [] []
[2025-06-17T09:35:07.540619+02:00] installer.INFO: Matched route "{route}". {"route":"api_installer_migration","route_parameters":{"_controller":"OrangeHRM\\Installer\\Controller\\Installer\\Api\\MigrationAPI::handle","_route":"api_installer_migration"},"request_uri":"http://localhost/orangehrm-5.7/installer/index.php/installer/api/installation/migration","method":"POST"} []
[2025-06-17T09:35:07.548349+02:00] installer.INFO: {"version":"4.3.2"} [] []
[2025-06-17T09:35:07.593379+02:00] installer.INFO: Instance details: {"os":{"os":"Windows NT","release_name":"10.0","version_info":"build 22631 (Windows 11)"},"php":{"version":"8.2.12"},"mysql":{"client_version":"mysqlnd 8.2.12","server_version":"10.4.32-MariaDB","conn_type":"localhost via TCP\/IP"},"server":"Apache\/2.4.58 (Win64) OpenSSL\/3.1.3 PHP\/8.2.12","ohrm":{"version":"5.7"}} [] []
[2025-06-17T09:35:07.615553+02:00] installer.INFO: set_time_limit: success [] []
[2025-06-17T09:35:07.904873+02:00] installer.INFO: Matched route "{route}". {"route":"api_installer_migration","route_parameters":{"_controller":"OrangeHRM\\Installer\\Controller\\Installer\\Api\\MigrationAPI::handle","_route":"api_installer_migration"},"request_uri":"http://localhost/orangehrm-5.7/installer/index.php/installer/api/installation/migration","method":"POST"} []
[2025-06-17T09:35:07.912434+02:00] installer.INFO: {"version":"4.3.3"} [] []
[2025-06-17T09:35:07.939255+02:00] installer.INFO: Instance details: {"os":{"os":"Windows NT","release_name":"10.0","version_info":"build 22631 (Windows 11)"},"php":{"version":"8.2.12"},"mysql":{"client_version":"mysqlnd 8.2.12","server_version":"10.4.32-MariaDB","conn_type":"localhost via TCP\/IP"},"server":"Apache\/2.4.58 (Win64) OpenSSL\/3.1.3 PHP\/8.2.12","ohrm":{"version":"5.7"}} [] []
[2025-06-17T09:35:07.950954+02:00] installer.INFO: set_time_limit: success [] []
[2025-06-17T09:35:13.847364+02:00] installer.INFO: Matched route "{route}". {"route":"api_installer_migration","route_parameters":{"_controller":"OrangeHRM\\Installer\\Controller\\Installer\\Api\\MigrationAPI::handle","_route":"api_installer_migration"},"request_uri":"http://localhost/orangehrm-5.7/installer/index.php/installer/api/installation/migration","method":"POST"} []
[2025-06-17T09:35:13.855652+02:00] installer.INFO: {"version":"4.3.4"} [] []
[2025-06-17T09:35:13.889413+02:00] installer.INFO: Instance details: {"os":{"os":"Windows NT","release_name":"10.0","version_info":"build 22631 (Windows 11)"},"php":{"version":"8.2.12"},"mysql":{"client_version":"mysqlnd 8.2.12","server_version":"10.4.32-MariaDB","conn_type":"localhost via TCP\/IP"},"server":"Apache\/2.4.58 (Win64) OpenSSL\/3.1.3 PHP\/8.2.12","ohrm":{"version":"5.7"}} [] []
[2025-06-17T09:35:13.926368+02:00] installer.INFO: set_time_limit: success [] []
[2025-06-17T09:35:14.162394+02:00] installer.INFO: Matched route "{route}". {"route":"api_installer_migration","route_parameters":{"_controller":"OrangeHRM\\Installer\\Controller\\Installer\\Api\\MigrationAPI::handle","_route":"api_installer_migration"},"request_uri":"http://localhost/orangehrm-5.7/installer/index.php/installer/api/installation/migration","method":"POST"} []
[2025-06-17T09:35:14.170938+02:00] installer.INFO: {"version":"4.3.5"} [] []
[2025-06-17T09:35:14.202374+02:00] installer.INFO: Instance details: {"os":{"os":"Windows NT","release_name":"10.0","version_info":"build 22631 (Windows 11)"},"php":{"version":"8.2.12"},"mysql":{"client_version":"mysqlnd 8.2.12","server_version":"10.4.32-MariaDB","conn_type":"localhost via TCP\/IP"},"server":"Apache\/2.4.58 (Win64) OpenSSL\/3.1.3 PHP\/8.2.12","ohrm":{"version":"5.7"}} [] []
[2025-06-17T09:35:14.260227+02:00] installer.INFO: set_time_limit: success [] []
[2025-06-17T09:35:14.542223+02:00] installer.INFO: Matched route "{route}". {"route":"api_installer_migration","route_parameters":{"_controller":"OrangeHRM\\Installer\\Controller\\Installer\\Api\\MigrationAPI::handle","_route":"api_installer_migration"},"request_uri":"http://localhost/orangehrm-5.7/installer/index.php/installer/api/installation/migration","method":"POST"} []
[2025-06-17T09:35:14.549755+02:00] installer.INFO: {"version":"4.4"} [] []
[2025-06-17T09:35:14.594115+02:00] installer.INFO: Instance details: {"os":{"os":"Windows NT","release_name":"10.0","version_info":"build 22631 (Windows 11)"},"php":{"version":"8.2.12"},"mysql":{"client_version":"mysqlnd 8.2.12","server_version":"10.4.32-MariaDB","conn_type":"localhost via TCP\/IP"},"server":"Apache\/2.4.58 (Win64) OpenSSL\/3.1.3 PHP\/8.2.12","ohrm":{"version":"5.7"}} [] []
[2025-06-17T09:35:14.607786+02:00] installer.INFO: set_time_limit: success [] []
[2025-06-17T09:35:16.660373+02:00] installer.INFO: Matched route "{route}". {"route":"api_installer_migration","route_parameters":{"_controller":"OrangeHRM\\Installer\\Controller\\Installer\\Api\\MigrationAPI::handle","_route":"api_installer_migration"},"request_uri":"http://localhost/orangehrm-5.7/installer/index.php/installer/api/installation/migration","method":"POST"} []
[2025-06-17T09:35:16.668380+02:00] installer.INFO: {"version":"4.5"} [] []
[2025-06-17T09:35:16.695038+02:00] installer.INFO: Instance details: {"os":{"os":"Windows NT","release_name":"10.0","version_info":"build 22631 (Windows 11)"},"php":{"version":"8.2.12"},"mysql":{"client_version":"mysqlnd 8.2.12","server_version":"10.4.32-MariaDB","conn_type":"localhost via TCP\/IP"},"server":"Apache\/2.4.58 (Win64) OpenSSL\/3.1.3 PHP\/8.2.12","ohrm":{"version":"5.7"}} [] []
[2025-06-17T09:35:16.706130+02:00] installer.INFO: set_time_limit: success [] []
[2025-06-17T09:35:17.021388+02:00] installer.INFO: Matched route "{route}". {"route":"api_installer_migration","route_parameters":{"_controller":"OrangeHRM\\Installer\\Controller\\Installer\\Api\\MigrationAPI::handle","_route":"api_installer_migration"},"request_uri":"http://localhost/orangehrm-5.7/installer/index.php/installer/api/installation/migration","method":"POST"} []
[2025-06-17T09:35:17.029049+02:00] installer.INFO: {"version":"4.6"} [] []
[2025-06-17T09:35:17.057804+02:00] installer.INFO: Instance details: {"os":{"os":"Windows NT","release_name":"10.0","version_info":"build 22631 (Windows 11)"},"php":{"version":"8.2.12"},"mysql":{"client_version":"mysqlnd 8.2.12","server_version":"10.4.32-MariaDB","conn_type":"localhost via TCP\/IP"},"server":"Apache\/2.4.58 (Win64) OpenSSL\/3.1.3 PHP\/8.2.12","ohrm":{"version":"5.7"}} [] []
[2025-06-17T09:35:17.092530+02:00] installer.INFO: set_time_limit: success [] []
[2025-06-17T09:35:18.873762+02:00] installer.INFO: Matched route "{route}". {"route":"api_installer_migration","route_parameters":{"_controller":"OrangeHRM\\Installer\\Controller\\Installer\\Api\\MigrationAPI::handle","_route":"api_installer_migration"},"request_uri":"http://localhost/orangehrm-5.7/installer/index.php/installer/api/installation/migration","method":"POST"} []
[2025-06-17T09:35:18.881504+02:00] installer.INFO: {"version":"4.6.0.1"} [] []
[2025-06-17T09:35:18.913378+02:00] installer.INFO: Instance details: {"os":{"os":"Windows NT","release_name":"10.0","version_info":"build 22631 (Windows 11)"},"php":{"version":"8.2.12"},"mysql":{"client_version":"mysqlnd 8.2.12","server_version":"10.4.32-MariaDB","conn_type":"localhost via TCP\/IP"},"server":"Apache\/2.4.58 (Win64) OpenSSL\/3.1.3 PHP\/8.2.12","ohrm":{"version":"5.7"}} [] []
[2025-06-17T09:35:18.954861+02:00] installer.INFO: set_time_limit: success [] []
[2025-06-17T09:35:19.227896+02:00] installer.INFO: Matched route "{route}". {"route":"api_installer_migration","route_parameters":{"_controller":"OrangeHRM\\Installer\\Controller\\Installer\\Api\\MigrationAPI::handle","_route":"api_installer_migration"},"request_uri":"http://localhost/orangehrm-5.7/installer/index.php/installer/api/installation/migration","method":"POST"} []
[2025-06-17T09:35:19.240475+02:00] installer.INFO: {"version":"4.7"} [] []
[2025-06-17T09:35:19.270167+02:00] installer.INFO: Instance details: {"os":{"os":"Windows NT","release_name":"10.0","version_info":"build 22631 (Windows 11)"},"php":{"version":"8.2.12"},"mysql":{"client_version":"mysqlnd 8.2.12","server_version":"10.4.32-MariaDB","conn_type":"localhost via TCP\/IP"},"server":"Apache\/2.4.58 (Win64) OpenSSL\/3.1.3 PHP\/8.2.12","ohrm":{"version":"5.7"}} [] []
[2025-06-17T09:35:19.280470+02:00] installer.INFO: set_time_limit: success [] []
[2025-06-17T09:35:19.480152+02:00] installer.INFO: Matched route "{route}". {"route":"api_installer_migration","route_parameters":{"_controller":"OrangeHRM\\Installer\\Controller\\Installer\\Api\\MigrationAPI::handle","_route":"api_installer_migration"},"request_uri":"http://localhost/orangehrm-5.7/installer/index.php/installer/api/installation/migration","method":"POST"} []
[2025-06-17T09:35:19.488522+02:00] installer.INFO: {"version":"4.8"} [] []
[2025-06-17T09:35:19.537063+02:00] installer.INFO: Instance details: {"os":{"os":"Windows NT","release_name":"10.0","version_info":"build 22631 (Windows 11)"},"php":{"version":"8.2.12"},"mysql":{"client_version":"mysqlnd 8.2.12","server_version":"10.4.32-MariaDB","conn_type":"localhost via TCP\/IP"},"server":"Apache\/2.4.58 (Win64) OpenSSL\/3.1.3 PHP\/8.2.12","ohrm":{"version":"5.7"}} [] []
[2025-06-17T09:35:19.573930+02:00] installer.INFO: set_time_limit: success [] []
[2025-06-17T09:35:19.826843+02:00] installer.INFO: Matched route "{route}". {"route":"api_installer_migration","route_parameters":{"_controller":"OrangeHRM\\Installer\\Controller\\Installer\\Api\\MigrationAPI::handle","_route":"api_installer_migration"},"request_uri":"http://localhost/orangehrm-5.7/installer/index.php/installer/api/installation/migration","method":"POST"} []
[2025-06-17T09:35:19.835546+02:00] installer.INFO: {"version":"4.9"} [] []
[2025-06-17T09:35:19.862594+02:00] installer.INFO: Instance details: {"os":{"os":"Windows NT","release_name":"10.0","version_info":"build 22631 (Windows 11)"},"php":{"version":"8.2.12"},"mysql":{"client_version":"mysqlnd 8.2.12","server_version":"10.4.32-MariaDB","conn_type":"localhost via TCP\/IP"},"server":"Apache\/2.4.58 (Win64) OpenSSL\/3.1.3 PHP\/8.2.12","ohrm":{"version":"5.7"}} [] []
[2025-06-17T09:35:19.898513+02:00] installer.INFO: set_time_limit: success [] []
[2025-06-17T09:35:20.278204+02:00] installer.INFO: Matched route "{route}". {"route":"api_installer_migration","route_parameters":{"_controller":"OrangeHRM\\Installer\\Controller\\Installer\\Api\\MigrationAPI::handle","_route":"api_installer_migration"},"request_uri":"http://localhost/orangehrm-5.7/installer/index.php/installer/api/installation/migration","method":"POST"} []
[2025-06-17T09:35:20.286321+02:00] installer.INFO: {"version":"4.10"} [] []
[2025-06-17T09:35:20.336885+02:00] installer.INFO: Instance details: {"os":{"os":"Windows NT","release_name":"10.0","version_info":"build 22631 (Windows 11)"},"php":{"version":"8.2.12"},"mysql":{"client_version":"mysqlnd 8.2.12","server_version":"10.4.32-MariaDB","conn_type":"localhost via TCP\/IP"},"server":"Apache\/2.4.58 (Win64) OpenSSL\/3.1.3 PHP\/8.2.12","ohrm":{"version":"5.7"}} [] []
[2025-06-17T09:35:20.352959+02:00] installer.INFO: set_time_limit: success [] []
[2025-06-17T09:35:20.514188+02:00] installer.INFO: Matched route "{route}". {"route":"api_installer_migration","route_parameters":{"_controller":"OrangeHRM\\Installer\\Controller\\Installer\\Api\\MigrationAPI::handle","_route":"api_installer_migration"},"request_uri":"http://localhost/orangehrm-5.7/installer/index.php/installer/api/installation/migration","method":"POST"} []
[2025-06-17T09:35:20.522285+02:00] installer.INFO: {"version":"4.10.1"} [] []
[2025-06-17T09:35:20.552190+02:00] installer.INFO: Instance details: {"os":{"os":"Windows NT","release_name":"10.0","version_info":"build 22631 (Windows 11)"},"php":{"version":"8.2.12"},"mysql":{"client_version":"mysqlnd 8.2.12","server_version":"10.4.32-MariaDB","conn_type":"localhost via TCP\/IP"},"server":"Apache\/2.4.58 (Win64) OpenSSL\/3.1.3 PHP\/8.2.12","ohrm":{"version":"5.7"}} [] []
[2025-06-17T09:35:20.589841+02:00] installer.INFO: set_time_limit: success [] []
[2025-06-17T09:35:20.746361+02:00] installer.INFO: Matched route "{route}". {"route":"api_installer_migration","route_parameters":{"_controller":"OrangeHRM\\Installer\\Controller\\Installer\\Api\\MigrationAPI::handle","_route":"api_installer_migration"},"request_uri":"http://localhost/orangehrm-5.7/installer/index.php/installer/api/installation/migration","method":"POST"} []
[2025-06-17T09:35:20.754251+02:00] installer.INFO: {"version":"5.0"} [] []
[2025-06-17T09:35:20.787993+02:00] installer.INFO: Instance details: {"os":{"os":"Windows NT","release_name":"10.0","version_info":"build 22631 (Windows 11)"},"php":{"version":"8.2.12"},"mysql":{"client_version":"mysqlnd 8.2.12","server_version":"10.4.32-MariaDB","conn_type":"localhost via TCP\/IP"},"server":"Apache\/2.4.58 (Win64) OpenSSL\/3.1.3 PHP\/8.2.12","ohrm":{"version":"5.7"}} [] []
[2025-06-17T09:35:20.834111+02:00] installer.INFO: set_time_limit: success [] []
[2025-06-17T09:35:22.716834+02:00] installer.INFO: set_time_limit: success [] []
[2025-06-17T09:35:58.793821+02:00] installer.INFO: Matched route "{route}". {"route":"api_installer_migration","route_parameters":{"_controller":"OrangeHRM\\Installer\\Controller\\Installer\\Api\\MigrationAPI::handle","_route":"api_installer_migration"},"request_uri":"http://localhost/orangehrm-5.7/installer/index.php/installer/api/installation/migration","method":"POST"} []
[2025-06-17T09:35:58.805049+02:00] installer.INFO: {"version":"5.1"} [] []
[2025-06-17T09:35:58.849362+02:00] installer.INFO: Instance details: {"os":{"os":"Windows NT","release_name":"10.0","version_info":"build 22631 (Windows 11)"},"php":{"version":"8.2.12"},"mysql":{"client_version":"mysqlnd 8.2.12","server_version":"10.4.32-MariaDB","conn_type":"localhost via TCP\/IP"},"server":"Apache\/2.4.58 (Win64) OpenSSL\/3.1.3 PHP\/8.2.12","ohrm":{"version":"5.7"}} [] []
[2025-06-17T09:35:58.886246+02:00] installer.INFO: set_time_limit: success [] []
[2025-06-17T09:36:08.382482+02:00] installer.INFO: Matched route "{route}". {"route":"api_installer_migration","route_parameters":{"_controller":"OrangeHRM\\Installer\\Controller\\Installer\\Api\\MigrationAPI::handle","_route":"api_installer_migration"},"request_uri":"http://localhost/orangehrm-5.7/installer/index.php/installer/api/installation/migration","method":"POST"} []
[2025-06-17T09:36:08.390279+02:00] installer.INFO: {"version":"5.2"} [] []
[2025-06-17T09:36:08.424219+02:00] installer.INFO: Instance details: {"os":{"os":"Windows NT","release_name":"10.0","version_info":"build 22631 (Windows 11)"},"php":{"version":"8.2.12"},"mysql":{"client_version":"mysqlnd 8.2.12","server_version":"10.4.32-MariaDB","conn_type":"localhost via TCP\/IP"},"server":"Apache\/2.4.58 (Win64) OpenSSL\/3.1.3 PHP\/8.2.12","ohrm":{"version":"5.7"}} [] []
[2025-06-17T09:36:08.436360+02:00] installer.INFO: set_time_limit: success [] []
[2025-06-17T09:36:13.324059+02:00] installer.INFO: Deleting invalid config values [] []
[2025-06-17T09:36:13.406166+02:00] installer.INFO: Deleting: `https://opensourcehelp.orangehrm.com` => `` from `hs_hr_config` [] []
[2025-06-17T09:36:13.490362+02:00] installer.INFO: Deleting: `ZendeskHelpProcessor` => `` from `hs_hr_config` [] []
[2025-06-17T09:36:13.491006+02:00] installer.INFO: Deleting legacy config values [] []
[2025-06-17T09:36:13.569399+02:00] installer.INFO: Deleting: `ldap_domain_name` => `` from `hs_hr_config` [] []
[2025-06-17T09:36:13.649291+02:00] installer.INFO: Deleting: `ldap_port` => `` from `hs_hr_config` [] []
[2025-06-17T09:36:13.732854+02:00] installer.INFO: Deleting: `ldap_server` => `` from `hs_hr_config` [] []
[2025-06-17T09:36:13.816303+02:00] installer.INFO: Deleting: `ldap_status` => `` from `hs_hr_config` [] []
[2025-06-17T09:36:13.903184+02:00] installer.INFO: Deleting: `beacon.activation_acceptance_status` => `off` from `hs_hr_config` [] []
[2025-06-17T09:36:13.986642+02:00] installer.INFO: Deleting: `beacon.activiation_status` => `off` from `hs_hr_config` [] []
[2025-06-17T09:36:14.121120+02:00] installer.INFO: Deleting: `beacon.company_name` => `` from `hs_hr_config` [] []
[2025-06-17T09:36:14.205275+02:00] installer.INFO: Deleting: `beacon.flash_period` => `120` from `hs_hr_config` [] []
[2025-06-17T09:36:14.286305+02:00] installer.INFO: Deleting: `beacon.lock` => `unlocked` from `hs_hr_config` [] []
[2025-06-17T09:36:14.366810+02:00] installer.INFO: Deleting: `beacon.next_flash_time` => `0000-00-00` from `hs_hr_config` [] []
[2025-06-17T09:36:14.451219+02:00] installer.INFO: Deleting: `beacon.uuid` => `0` from `hs_hr_config` [] []
[2025-06-17T09:36:14.535083+02:00] installer.INFO: Deleting: `showSIN` => `0` from `hs_hr_config` [] []
[2025-06-17T09:36:14.616610+02:00] installer.INFO: Deleting: `showSSN` => `0` from `hs_hr_config` [] []
[2025-06-17T09:36:14.697377+02:00] installer.INFO: Deleting: `showTaxExemptions` => `0` from `hs_hr_config` [] []
[2025-06-17T09:36:14.777969+02:00] installer.INFO: Deleting: `report.mysql_group_concat_max_len` => `2048` from `hs_hr_config` [] []
[2025-06-17T09:36:14.860241+02:00] installer.INFO: Deleting: `attendanceEmpEditSubmitted` => `No` from `hs_hr_config` [] []
[2025-06-17T09:36:14.943039+02:00] installer.INFO: Deleting: `attendanceSupEditSubmitted` => `No` from `hs_hr_config` [] []
[2025-06-17T09:36:15.057700+02:00] installer.INFO: Deleting: `hsp_accrued_last_updated` => `0000-00-00` from `hs_hr_config` [] []
[2025-06-17T09:36:15.152967+02:00] installer.INFO: Deleting: `hsp_current_plan` => `0` from `hs_hr_config` [] []
[2025-06-17T09:36:15.240022+02:00] installer.INFO: Deleting: `hsp_used_last_updated` => `0000-00-00` from `hs_hr_config` [] []
[2025-06-17T09:36:15.464073+02:00] installer.INFO: Matched route "{route}". {"route":"api_installer_migration","route_parameters":{"_controller":"OrangeHRM\\Installer\\Controller\\Installer\\Api\\MigrationAPI::handle","_route":"api_installer_migration"},"request_uri":"http://localhost/orangehrm-5.7/installer/index.php/installer/api/installation/migration","method":"POST"} []
[2025-06-17T09:36:15.472021+02:00] installer.INFO: {"version":"5.3"} [] []
[2025-06-17T09:36:15.502793+02:00] installer.INFO: Instance details: {"os":{"os":"Windows NT","release_name":"10.0","version_info":"build 22631 (Windows 11)"},"php":{"version":"8.2.12"},"mysql":{"client_version":"mysqlnd 8.2.12","server_version":"10.4.32-MariaDB","conn_type":"localhost via TCP\/IP"},"server":"Apache\/2.4.58 (Win64) OpenSSL\/3.1.3 PHP\/8.2.12","ohrm":{"version":"5.7"}} [] []
[2025-06-17T09:36:15.558807+02:00] installer.INFO: set_time_limit: success [] []
[2025-06-17T09:36:17.993252+02:00] installer.INFO: Server timezone: Europe/Berlin [] []
[2025-06-17T09:36:17.994995+02:00] installer.INFO: `ohrm_buzz_comment` record count: 0 [] []
[2025-06-17T09:36:17.997764+02:00] installer.INFO: `ohrm_buzz_like_on_comment` record count: 0 [] []
[2025-06-17T09:36:18.000115+02:00] installer.INFO: `ohrm_buzz_like_on_share` record count: 0 [] []
[2025-06-17T09:36:18.001943+02:00] installer.INFO: `ohrm_buzz_post` record count: 0 [] []
[2025-06-17T09:36:18.003603+02:00] installer.INFO: `ohrm_buzz_share` record count: 0 [] []
[2025-06-17T09:36:18.383130+02:00] installer.INFO: `ohrm_buzz_link` record count: 0 [] []
[2025-06-17T09:36:18.383777+02:00] installer.INFO: Deleting legacy Buzz config values [] []
[2025-06-17T09:36:18.471792+02:00] installer.INFO: Deleting: `buzz_comment_text_lenth` => `250` from `hs_hr_config` [] []
[2025-06-17T09:36:18.561355+02:00] installer.INFO: Deleting: `buzz_cookie_valid_time` => `5000` from `hs_hr_config` [] []
[2025-06-17T09:36:18.642019+02:00] installer.INFO: Deleting: `buzz_image_max_dimension` => `1024` from `hs_hr_config` [] []
[2025-06-17T09:36:18.725688+02:00] installer.INFO: Deleting: `buzz_initial_comments` => `2` from `hs_hr_config` [] []
[2025-06-17T09:36:18.809696+02:00] installer.INFO: Deleting: `buzz_like_count` => `5` from `hs_hr_config` [] []
[2025-06-17T09:36:18.892452+02:00] installer.INFO: Deleting: `buzz_max_notification_period` => `-1 week` from `hs_hr_config` [] []
[2025-06-17T09:36:18.975033+02:00] installer.INFO: Deleting: `buzz_most_like_posts` => `5` from `hs_hr_config` [] []
[2025-06-17T09:36:19.095360+02:00] installer.INFO: Deleting: `buzz_most_like_shares` => `5` from `hs_hr_config` [] []
[2025-06-17T09:36:19.182120+02:00] installer.INFO: Deleting: `buzz_post_text_lenth` => `500` from `hs_hr_config` [] []
[2025-06-17T09:36:19.264019+02:00] installer.INFO: Deleting: `buzz_post_text_lines` => `5` from `hs_hr_config` [] []
[2025-06-17T09:36:19.342718+02:00] installer.INFO: Deleting: `buzz_refresh_time` => `60000` from `hs_hr_config` [] []
[2025-06-17T09:36:19.431349+02:00] installer.INFO: Deleting: `buzz_share_count` => `10` from `hs_hr_config` [] []
[2025-06-17T09:36:19.514121+02:00] installer.INFO: Deleting: `buzz_time_format` => `h:i a` from `hs_hr_config` [] []
[2025-06-17T09:36:19.593341+02:00] installer.INFO: Deleting: `buzz_viewmore_comment` => `5` from `hs_hr_config` [] []
[2025-06-17T09:36:19.812061+02:00] installer.INFO: Matched route "{route}". {"route":"api_installer_migration","route_parameters":{"_controller":"OrangeHRM\\Installer\\Controller\\Installer\\Api\\MigrationAPI::handle","_route":"api_installer_migration"},"request_uri":"http://localhost/orangehrm-5.7/installer/index.php/installer/api/installation/migration","method":"POST"} []
[2025-06-17T09:36:19.820479+02:00] installer.INFO: {"version":"5.4"} [] []
[2025-06-17T09:36:19.873344+02:00] installer.INFO: Instance details: {"os":{"os":"Windows NT","release_name":"10.0","version_info":"build 22631 (Windows 11)"},"php":{"version":"8.2.12"},"mysql":{"client_version":"mysqlnd 8.2.12","server_version":"10.4.32-MariaDB","conn_type":"localhost via TCP\/IP"},"server":"Apache\/2.4.58 (Win64) OpenSSL\/3.1.3 PHP\/8.2.12","ohrm":{"version":"5.7"}} [] []
[2025-06-17T09:36:19.914042+02:00] installer.INFO: set_time_limit: success [] []
[2025-06-17T09:36:20.916552+02:00] installer.INFO: Deleting: `authentication.default_required_password_strength` => `strong` from `hs_hr_config` [] []
[2025-06-17T09:36:21.170339+02:00] installer.INFO: Deleting: `authentication.enforce_password_strength` => `on` from `hs_hr_config` [] []
[2025-06-17T09:36:21.917775+02:00] installer.INFO: Matched route "{route}". {"route":"api_installer_migration","route_parameters":{"_controller":"OrangeHRM\\Installer\\Controller\\Installer\\Api\\MigrationAPI::handle","_route":"api_installer_migration"},"request_uri":"http://localhost/orangehrm-5.7/installer/index.php/installer/api/installation/migration","method":"POST"} []
[2025-06-17T09:36:21.925433+02:00] installer.INFO: {"version":"5.5"} [] []
[2025-06-17T09:36:21.953480+02:00] installer.INFO: Instance details: {"os":{"os":"Windows NT","release_name":"10.0","version_info":"build 22631 (Windows 11)"},"php":{"version":"8.2.12"},"mysql":{"client_version":"mysqlnd 8.2.12","server_version":"10.4.32-MariaDB","conn_type":"localhost via TCP\/IP"},"server":"Apache\/2.4.58 (Win64) OpenSSL\/3.1.3 PHP\/8.2.12","ohrm":{"version":"5.7"}} [] []
[2025-06-17T09:36:21.988879+02:00] installer.INFO: set_time_limit: success [] []
[2025-06-17T09:36:24.657187+02:00] installer.INFO: Matched route "{route}". {"route":"api_installer_migration","route_parameters":{"_controller":"OrangeHRM\\Installer\\Controller\\Installer\\Api\\MigrationAPI::handle","_route":"api_installer_migration"},"request_uri":"http://localhost/orangehrm-5.7/installer/index.php/installer/api/installation/migration","method":"POST"} []
[2025-06-17T09:36:24.665781+02:00] installer.INFO: {"version":"5.6"} [] []
[2025-06-17T09:36:24.733676+02:00] installer.INFO: Instance details: {"os":{"os":"Windows NT","release_name":"10.0","version_info":"build 22631 (Windows 11)"},"php":{"version":"8.2.12"},"mysql":{"client_version":"mysqlnd 8.2.12","server_version":"10.4.32-MariaDB","conn_type":"localhost via TCP\/IP"},"server":"Apache\/2.4.58 (Win64) OpenSSL\/3.1.3 PHP\/8.2.12","ohrm":{"version":"5.7"}} [] []
[2025-06-17T09:36:24.757913+02:00] installer.INFO: set_time_limit: success [] []
[2025-06-17T09:36:25.640328+02:00] installer.INFO: Matched route "{route}". {"route":"api_installer_migration","route_parameters":{"_controller":"OrangeHRM\\Installer\\Controller\\Installer\\Api\\MigrationAPI::handle","_route":"api_installer_migration"},"request_uri":"http://localhost/orangehrm-5.7/installer/index.php/installer/api/installation/migration","method":"POST"} []
[2025-06-17T09:36:25.648463+02:00] installer.INFO: {"version":"5.6.1"} [] []
[2025-06-17T09:36:25.674477+02:00] installer.INFO: Instance details: {"os":{"os":"Windows NT","release_name":"10.0","version_info":"build 22631 (Windows 11)"},"php":{"version":"8.2.12"},"mysql":{"client_version":"mysqlnd 8.2.12","server_version":"10.4.32-MariaDB","conn_type":"localhost via TCP\/IP"},"server":"Apache\/2.4.58 (Win64) OpenSSL\/3.1.3 PHP\/8.2.12","ohrm":{"version":"5.7"}} [] []
[2025-06-17T09:36:25.710403+02:00] installer.INFO: set_time_limit: success [] []
[2025-06-17T09:36:25.937956+02:00] installer.INFO: Matched route "{route}". {"route":"api_installer_migration","route_parameters":{"_controller":"OrangeHRM\\Installer\\Controller\\Installer\\Api\\MigrationAPI::handle","_route":"api_installer_migration"},"request_uri":"http://localhost/orangehrm-5.7/installer/index.php/installer/api/installation/migration","method":"POST"} []
[2025-06-17T09:36:25.945560+02:00] installer.INFO: {"version":"5.7"} [] []
[2025-06-17T09:36:25.973792+02:00] installer.INFO: Instance details: {"os":{"os":"Windows NT","release_name":"10.0","version_info":"build 22631 (Windows 11)"},"php":{"version":"8.2.12"},"mysql":{"client_version":"mysqlnd 8.2.12","server_version":"10.4.32-MariaDB","conn_type":"localhost via TCP\/IP"},"server":"Apache\/2.4.58 (Win64) OpenSSL\/3.1.3 PHP\/8.2.12","ohrm":{"version":"5.7"}} [] []
[2025-06-17T09:36:26.032791+02:00] installer.INFO: set_time_limit: success [] []
[2025-06-17T09:36:27.323908+02:00] installer.INFO: Matched route "{route}". {"route":"api_installer_instance_creation","route_parameters":{"_controller":"OrangeHRM\\Installer\\Controller\\Installer\\Api\\InstallationInstanceAPI::handle","_route":"api_installer_instance_creation"},"request_uri":"http://localhost/orangehrm-5.7/installer/index.php/installer/api/installation/instance","method":"POST"} []
[2025-06-17T09:36:27.383201+02:00] installer.INFO: Instance details: {"os":{"os":"Windows NT","release_name":"10.0","version_info":"build 22631 (Windows 11)"},"php":{"version":"8.2.12"},"mysql":{"client_version":"mysqlnd 8.2.12","server_version":"10.4.32-MariaDB","conn_type":"localhost via TCP\/IP"},"server":"Apache\/2.4.58 (Win64) OpenSSL\/3.1.3 PHP\/8.2.12","ohrm":{"version":"5.7"}} [] []
[2025-06-17T09:36:28.033647+02:00] installer.INFO: Matched route "{route}". {"route":"api_installer_database_user","route_parameters":{"_controller":"OrangeHRM\\Installer\\Controller\\Installer\\Api\\InstallationDatabaseUserAPI::handle","_route":"api_installer_database_user"},"request_uri":"http://localhost/orangehrm-5.7/installer/index.php/installer/api/installation/database-user","method":"POST"} []
[2025-06-17T09:36:28.138536+02:00] installer.INFO: Matched route "{route}". {"route":"api_installer_write_config","route_parameters":{"_controller":"OrangeHRM\\Installer\\Controller\\Installer\\Api\\ConfigFileAPI::handle","_route":"api_installer_write_config"},"request_uri":"http://localhost/orangehrm-5.7/installer/index.php/installer/api/installation/config-file","method":"POST"} []
[2025-06-17T09:36:28.204518+02:00] installer.INFO: Instance details: {"os":{"os":"Windows NT","release_name":"10.0","version_info":"build 22631 (Windows 11)"},"php":{"version":"8.2.12"},"mysql":{"client_version":"mysqlnd 8.2.12","server_version":"10.4.32-MariaDB","conn_type":"localhost via TCP\/IP"},"server":"Apache\/2.4.58 (Win64) OpenSSL\/3.1.3 PHP\/8.2.12","ohrm":{"version":"5.7"}} [] []
[2025-06-17T09:36:56.827361+02:00] installer.INFO: Matched route "{route}". {"route":"installer_complete","route_parameters":{"_controller":"OrangeHRM\\Installer\\Controller\\Installer\\InstallerCompleteController::handle","_route":"installer_complete"},"request_uri":"http://localhost/orangehrm-5.7/installer/index.php/installer/complete","method":"GET"} []
[2025-06-17T09:36:56.851193+02:00] installer.INFO: OrangeHRM 5.7 status: true [] []
[2025-06-17T09:37:01.041471+02:00] installer.INFO: Matched route "{route}". {"route":"installer_home","route_parameters":{"_controller":"OrangeHRM\\Installer\\Controller\\HomeController::handle","_route":"installer_home"},"request_uri":"http://localhost/orangehrm-5.7/installer/index.php/","method":"GET"} []
